2024-12-09 14:54:16,384 - rasa.cli.utils - DEBUG - Parameter 'credentials' not set. Using default location 'credentials.yml' instead. [/Users/petrnikolaev/Dev/SA/architecture-sprint-5/.venv/lib/python3.10/site-packages/rasa/cli/utils.py:85]
2024-12-09 14:54:18,464 - h5py._conv - DEBUG - Creating converter from 7 to 5 [/Users/petrnikolaev/Dev/SA/architecture-sprint-5/.venv/lib/python3.10/site-packages/h5py/__init__.py:47]
2024-12-09 14:54:18,464 - h5py._conv - DEBUG - Creating converter from 5 to 7 [/Users/petrnikolaev/Dev/SA/architecture-sprint-5/.venv/lib/python3.10/site-packages/h5py/__init__.py:47]
2024-12-09 14:54:18,465 - h5py._conv - DEBUG - Creating converter from 7 to 5 [/Users/petrnikolaev/Dev/SA/architecture-sprint-5/.venv/lib/python3.10/site-packages/h5py/__init__.py:47]
2024-12-09 14:54:18,465 - h5py._conv - DEBUG - Creating converter from 5 to 7 [/Users/petrnikolaev/Dev/SA/architecture-sprint-5/.venv/lib/python3.10/site-packages/h5py/__init__.py:47]
2024-12-09 14:54:18,880 - jax._src.path - DEBUG - etils.epath was not found. Using pathlib for file I/O. [/Users/petrnikolaev/Dev/SA/architecture-sprint-5/.venv/lib/python3.10/site-packages/jax/_src/path.py:32]
2024-12-09 14:54:20,358 - sanic.root - DEBUG - Sanic-CORS: Configuring CORS with resources: {'/*': {'origins': ['.*'], 'methods': 'DELETE, GET, HEAD, OPTIONS, PATCH, POST, PUT', 'allow_headers': ['.*'], 'expose_headers': 'filename', 'supports_credentials': True, 'max_age': None, 'send_wildcard': False, 'automatic_options': True, 'vary_header': True, 'resources': {'/*': {'origins': ['*']}}, 'intercept_exceptions': True, 'always_send': True}} [/Users/petrnikolaev/Dev/SA/architecture-sprint-5/.venv/lib/python3.10/site-packages/sanic_cors/extension.py:175]
2024-12-09 14:54:20,361 - rasa.core.utils - DEBUG - Available web server routes: 
/webhooks/rasa                                     GET                            rasa_core_no_api.custom_webhook_RasaChatInput.health
/webhooks/rasa/webhook                             POST                           rasa_core_no_api.custom_webhook_RasaChatInput.receive
/webhooks/rest                                     GET                            rasa_core_no_api.custom_webhook_RestInput.health
/webhooks/rest/webhook                             POST                           rasa_core_no_api.custom_webhook_RestInput.receive
/                                                  GET                            rasa_core_no_api.hello [/Users/petrnikolaev/Dev/SA/architecture-sprint-5/.venv/lib/python3.10/site-packages/rasa/core/utils.py:128]
2024-12-09 14:54:20,361 - root - INFO - Starting Rasa server on http://0.0.0.0:5005 [/Users/petrnikolaev/Dev/SA/architecture-sprint-5/.venv/lib/python3.10/site-packages/rasa/core/run.py:247]
2024-12-09 14:54:20,362 - rasa.core.utils - DEBUG - Using the default number of Sanic workers (1). [/Users/petrnikolaev/Dev/SA/architecture-sprint-5/.venv/lib/python3.10/site-packages/rasa/core/utils.py:309]
2024-12-09 14:54:20,507 - rasa.telemetry - DEBUG - Skipping telemetry reporting: no license hash found. [/Users/petrnikolaev/Dev/SA/architecture-sprint-5/.venv/lib/python3.10/site-packages/rasa/telemetry.py:407]
2024-12-09 14:54:20,587 - rasa.core.tracker_store - DEBUG - Connected to InMemoryTrackerStore. [/Users/petrnikolaev/Dev/SA/architecture-sprint-5/.venv/lib/python3.10/site-packages/rasa/core/tracker_store.py:1535]
2024-12-09 14:54:20,587 - rasa.core.lock_store - DEBUG - Connected to lock store 'InMemoryLockStore'. [/Users/petrnikolaev/Dev/SA/architecture-sprint-5/.venv/lib/python3.10/site-packages/rasa/core/lock_store.py:321]
2024-12-09 14:54:20,587 - rasa.core.nlg.generator - DEBUG - Instantiated NLG to 'TemplatedNaturalLanguageGenerator'. [/Users/petrnikolaev/Dev/SA/architecture-sprint-5/.venv/lib/python3.10/site-packages/rasa/core/nlg/generator.py:69]
2024-12-09 14:54:20,588 - rasa.core.processor - INFO - Loading model models/20241209-102912-denim-osprey.tar.gz... [/Users/petrnikolaev/Dev/SA/architecture-sprint-5/.venv/lib/python3.10/site-packages/rasa/core/processor.py:139]
2024-12-09 14:54:20,706 - rasa.engine.storage.local_model_storage - DEBUG - Extracted model to '/var/folders/r4/qjs6bq5d3hg74nlvqrgzk7bm0000gn/T/tmpmxzxan9h'. [/Users/petrnikolaev/Dev/SA/architecture-sprint-5/.venv/lib/python3.10/site-packages/rasa/engine/storage/local_model_storage.py:89]
2024-12-09 14:54:20,715 - rasa.engine.graph - DEBUG - Node 'nlu_message_converter' loading 'NLUMessageConverter.load' and kwargs: '{}'. [/Users/petrnikolaev/Dev/SA/architecture-sprint-5/.venv/lib/python3.10/site-packages/rasa/engine/graph.py:395]
2024-12-09 14:54:20,715 - rasa.engine.graph - DEBUG - Node 'run_WhitespaceTokenizer0' loading 'WhitespaceTokenizer.load' and kwargs: '{}'. [/Users/petrnikolaev/Dev/SA/architecture-sprint-5/.venv/lib/python3.10/site-packages/rasa/engine/graph.py:395]
2024-12-09 14:54:20,719 - rasa.engine.graph - DEBUG - Node 'run_RegexFeaturizer1' loading 'RegexFeaturizer.load' and kwargs: '{}'. [/Users/petrnikolaev/Dev/SA/architecture-sprint-5/.venv/lib/python3.10/site-packages/rasa/engine/graph.py:395]
2024-12-09 14:54:20,720 - rasa.engine.storage.local_model_storage - DEBUG - Resource 'train_RegexFeaturizer1' was requested for reading. [/Users/petrnikolaev/Dev/SA/architecture-sprint-5/.venv/lib/python3.10/site-packages/rasa/engine/storage/local_model_storage.py:175]
2024-12-09 14:54:20,721 - rasa.engine.graph - DEBUG - Node 'run_LexicalSyntacticFeaturizer2' loading 'LexicalSyntacticFeaturizer.load' and kwargs: '{}'. [/Users/petrnikolaev/Dev/SA/architecture-sprint-5/.venv/lib/python3.10/site-packages/rasa/engine/graph.py:395]
2024-12-09 14:54:20,721 - rasa.engine.storage.local_model_storage - DEBUG - Resource 'train_LexicalSyntacticFeaturizer2' was requested for reading. [/Users/petrnikolaev/Dev/SA/architecture-sprint-5/.venv/lib/python3.10/site-packages/rasa/engine/storage/local_model_storage.py:175]
2024-12-09 14:54:20,725 - rasa.engine.graph - DEBUG - Node 'run_CountVectorsFeaturizer3' loading 'CountVectorsFeaturizer.load' and kwargs: '{}'. [/Users/petrnikolaev/Dev/SA/architecture-sprint-5/.venv/lib/python3.10/site-packages/rasa/engine/graph.py:395]
2024-12-09 14:54:20,725 - rasa.engine.storage.local_model_storage - DEBUG - Resource 'train_CountVectorsFeaturizer3' was requested for reading. [/Users/petrnikolaev/Dev/SA/architecture-sprint-5/.venv/lib/python3.10/site-packages/rasa/engine/storage/local_model_storage.py:175]
2024-12-09 14:54:20,726 - rasa.engine.graph - DEBUG - Node 'run_LanguageModelFeaturizer4' loading 'LanguageModelFeaturizer.load' and kwargs: '{}'. [/Users/petrnikolaev/Dev/SA/architecture-sprint-5/.venv/lib/python3.10/site-packages/rasa/engine/graph.py:395]
2024-12-09 14:54:21,352 - rasa.nlu.featurizers.dense_featurizer.lm_featurizer - DEBUG - Loading Tokenizer and Model for bert [/Users/petrnikolaev/Dev/SA/architecture-sprint-5/.venv/lib/python3.10/site-packages/rasa/nlu/featurizers/dense_featurizer/lm_featurizer.py:150]
2024-12-09 14:54:21,353 - urllib3.connectionpool - DEBUG - Starting new HTTPS connection (1): huggingface.co:443 [/Users/petrnikolaev/Dev/SA/architecture-sprint-5/.venv/lib/python3.10/site-packages/urllib3/connectionpool.py:1051]
2024-12-09 14:54:22,204 - urllib3.connectionpool - DEBUG - https://huggingface.co:443 "HEAD /bert-base-cased/resolve/main/tokenizer_config.json HTTP/11" 200 0 [/Users/petrnikolaev/Dev/SA/architecture-sprint-5/.venv/lib/python3.10/site-packages/urllib3/connectionpool.py:546]
2024-12-09 14:54:22,687 - urllib3.connectionpool - DEBUG - https://huggingface.co:443 "HEAD /bert-base-cased/resolve/main/config.json HTTP/11" 200 0 [/Users/petrnikolaev/Dev/SA/architecture-sprint-5/.venv/lib/python3.10/site-packages/urllib3/connectionpool.py:546]
2024-12-09 14:54:24,346 - rasa.engine.graph - DEBUG - Node 'run_DIETClassifier5' loading 'DIETClassifier.load' and kwargs: '{}'. [/Users/petrnikolaev/Dev/SA/architecture-sprint-5/.venv/lib/python3.10/site-packages/rasa/engine/graph.py:395]
2024-12-09 14:54:24,346 - rasa.engine.storage.local_model_storage - DEBUG - Resource 'train_DIETClassifier5' was requested for reading. [/Users/petrnikolaev/Dev/SA/architecture-sprint-5/.venv/lib/python3.10/site-packages/rasa/engine/storage/local_model_storage.py:175]
2024-12-09 14:54:24,350 - rasa.utils.tensorflow.models - DEBUG - Loading the model from /var/folders/r4/qjs6bq5d3hg74nlvqrgzk7bm0000gn/T/tmpneb_30lt/train_DIETClassifier5/DIETClassifier.tf_model with finetune_mode=False... [/Users/petrnikolaev/Dev/SA/architecture-sprint-5/.venv/lib/python3.10/site-packages/rasa/utils/tensorflow/models.py:431]
2024-12-09 14:54:24,357 - rasa.nlu.classifiers.diet_classifier - DEBUG - You specified 'DIET' to train entities, but no entities are present in the training data. Skipping training of entities. [/Users/petrnikolaev/Dev/SA/architecture-sprint-5/.venv/lib/python3.10/site-packages/rasa/nlu/classifiers/diet_classifier.py:1394]
2024-12-09 14:54:24,370 - rasa.nlu.classifiers.diet_classifier - DEBUG - Following metrics will be logged during training:  [/Users/petrnikolaev/Dev/SA/architecture-sprint-5/.venv/lib/python3.10/site-packages/rasa/nlu/classifiers/diet_classifier.py:1446]
2024-12-09 14:54:24,370 - rasa.nlu.classifiers.diet_classifier - DEBUG -   t_loss (total loss) [/Users/petrnikolaev/Dev/SA/architecture-sprint-5/.venv/lib/python3.10/site-packages/rasa/nlu/classifiers/diet_classifier.py:1450]
2024-12-09 14:54:24,370 - rasa.nlu.classifiers.diet_classifier - DEBUG -   i_acc (intent acc) [/Users/petrnikolaev/Dev/SA/architecture-sprint-5/.venv/lib/python3.10/site-packages/rasa/nlu/classifiers/diet_classifier.py:1450]
2024-12-09 14:54:24,370 - rasa.nlu.classifiers.diet_classifier - DEBUG -   i_loss (intent loss) [/Users/petrnikolaev/Dev/SA/architecture-sprint-5/.venv/lib/python3.10/site-packages/rasa/nlu/classifiers/diet_classifier.py:1450]
2024-12-09 14:54:24,382 - absl - WARNING - At this time, the v2.11+ optimizer `tf.keras.optimizers.Adam` runs slowly on M1/M2 Macs, please use the legacy Keras optimizer instead, located at `tf.keras.optimizers.legacy.Adam`. [/Users/petrnikolaev/Dev/SA/architecture-sprint-5/.venv/lib/python3.10/site-packages/keras/optimizers/optimizer.py:69]
2024-12-09 14:54:24,385 - absl - WARNING - There is a known slowdown when using v2.11+ Keras optimizers on M1/M2 Macs. Falling back to the legacy Keras optimizer, i.e., `tf.keras.optimizers.legacy.Adam`. [/Users/petrnikolaev/Dev/SA/architecture-sprint-5/.venv/lib/python3.10/site-packages/keras/optimizers/__init__.py:291]
2024-12-09 14:54:27,261 - rasa.utils.tensorflow.models - DEBUG - Finished loading the model. [/Users/petrnikolaev/Dev/SA/architecture-sprint-5/.venv/lib/python3.10/site-packages/rasa/utils/tensorflow/models.py:454]
2024-12-09 14:54:27,262 - rasa.engine.graph - DEBUG - Node 'run_EntitySynonymMapper6' loading 'EntitySynonymMapper.load' and kwargs: '{}'. [/Users/petrnikolaev/Dev/SA/architecture-sprint-5/.venv/lib/python3.10/site-packages/rasa/engine/graph.py:395]
2024-12-09 14:54:27,262 - rasa.engine.storage.local_model_storage - DEBUG - Resource 'train_EntitySynonymMapper6' was requested for reading. [/Users/petrnikolaev/Dev/SA/architecture-sprint-5/.venv/lib/python3.10/site-packages/rasa/engine/storage/local_model_storage.py:175]
2024-12-09 14:54:27,263 - rasa.nlu.extractors.entity_synonyms - DEBUG - Failed to load ABCMeta from model storage. Resource 'train_EntitySynonymMapper6' doesn't exist. [/Users/petrnikolaev/Dev/SA/architecture-sprint-5/.venv/lib/python3.10/site-packages/rasa/nlu/extractors/entity_synonyms.py:129]
2024-12-09 14:54:27,263 - rasa.engine.graph - DEBUG - Node 'run_ResponseSelector7' loading 'ResponseSelector.load' and kwargs: '{}'. [/Users/petrnikolaev/Dev/SA/architecture-sprint-5/.venv/lib/python3.10/site-packages/rasa/engine/graph.py:395]
2024-12-09 14:54:27,263 - rasa.engine.storage.local_model_storage - DEBUG - Resource 'train_ResponseSelector7' was requested for reading. [/Users/petrnikolaev/Dev/SA/architecture-sprint-5/.venv/lib/python3.10/site-packages/rasa/engine/storage/local_model_storage.py:175]
2024-12-09 14:54:27,263 - rasa.nlu.classifiers.diet_classifier - DEBUG - Failed to load ABCMeta from model storage. Resource 'train_ResponseSelector7' doesn't exist. [/Users/petrnikolaev/Dev/SA/architecture-sprint-5/.venv/lib/python3.10/site-packages/rasa/nlu/classifiers/diet_classifier.py:1129]
2024-12-09 14:54:27,263 - rasa.engine.storage.local_model_storage - DEBUG - Resource 'train_ResponseSelector7' was requested for reading. [/Users/petrnikolaev/Dev/SA/architecture-sprint-5/.venv/lib/python3.10/site-packages/rasa/engine/storage/local_model_storage.py:175]
2024-12-09 14:54:27,263 - rasa.nlu.selectors.response_selector - DEBUG - Failed to load ResponseSelector from model storage. Resource 'train_ResponseSelector7' doesn't exist. [/Users/petrnikolaev/Dev/SA/architecture-sprint-5/.venv/lib/python3.10/site-packages/rasa/nlu/selectors/response_selector.py:684]
2024-12-09 14:54:27,263 - rasa.engine.graph - DEBUG - Node 'run_RegexMessageHandler' loading 'RegexMessageHandler.load' and kwargs: '{}'. [/Users/petrnikolaev/Dev/SA/architecture-sprint-5/.venv/lib/python3.10/site-packages/rasa/engine/graph.py:395]
2024-12-09 14:54:27,263 - rasa.engine.graph - DEBUG - Node 'domain_provider' loading 'DomainProvider.load' and kwargs: '{}'. [/Users/petrnikolaev/Dev/SA/architecture-sprint-5/.venv/lib/python3.10/site-packages/rasa/engine/graph.py:395]
2024-12-09 14:54:27,263 - rasa.engine.storage.local_model_storage - DEBUG - Resource 'domain_provider' was requested for reading. [/Users/petrnikolaev/Dev/SA/architecture-sprint-5/.venv/lib/python3.10/site-packages/rasa/engine/storage/local_model_storage.py:175]
2024-12-09 14:54:27,276 - rasa.engine.graph - DEBUG - Node 'run_MemoizationPolicy0' loading 'MemoizationPolicy.load' and kwargs: '{}'. [/Users/petrnikolaev/Dev/SA/architecture-sprint-5/.venv/lib/python3.10/site-packages/rasa/engine/graph.py:395]
2024-12-09 14:54:27,276 - rasa.engine.storage.local_model_storage - DEBUG - Resource 'train_MemoizationPolicy0' was requested for reading. [/Users/petrnikolaev/Dev/SA/architecture-sprint-5/.venv/lib/python3.10/site-packages/rasa/engine/storage/local_model_storage.py:175]
2024-12-09 14:54:27,278 - rasa.engine.graph - DEBUG - Node 'run_RulePolicy1' loading 'RulePolicy.load' and kwargs: '{}'. [/Users/petrnikolaev/Dev/SA/architecture-sprint-5/.venv/lib/python3.10/site-packages/rasa/engine/graph.py:395]
2024-12-09 14:54:27,278 - rasa.engine.storage.local_model_storage - DEBUG - Resource 'train_RulePolicy1' was requested for reading. [/Users/petrnikolaev/Dev/SA/architecture-sprint-5/.venv/lib/python3.10/site-packages/rasa/engine/storage/local_model_storage.py:175]
2024-12-09 14:54:27,280 - rasa.engine.graph - DEBUG - Node 'run_TEDPolicy2' loading 'TEDPolicy.load' and kwargs: '{}'. [/Users/petrnikolaev/Dev/SA/architecture-sprint-5/.venv/lib/python3.10/site-packages/rasa/engine/graph.py:395]
2024-12-09 14:54:27,280 - rasa.engine.storage.local_model_storage - DEBUG - Resource 'train_TEDPolicy2' was requested for reading. [/Users/petrnikolaev/Dev/SA/architecture-sprint-5/.venv/lib/python3.10/site-packages/rasa/engine/storage/local_model_storage.py:175]
2024-12-09 14:54:27,284 - rasa.utils.tensorflow.models - DEBUG - Loading the model from /var/folders/r4/qjs6bq5d3hg74nlvqrgzk7bm0000gn/T/tmpneb_30lt/train_TEDPolicy2/ted_policy.tf_model with finetune_mode=False... [/Users/petrnikolaev/Dev/SA/architecture-sprint-5/.venv/lib/python3.10/site-packages/rasa/utils/tensorflow/models.py:431]
2024-12-09 14:54:27,310 - absl - WARNING - At this time, the v2.11+ optimizer `tf.keras.optimizers.Adam` runs slowly on M1/M2 Macs, please use the legacy Keras optimizer instead, located at `tf.keras.optimizers.legacy.Adam`. [/Users/petrnikolaev/Dev/SA/architecture-sprint-5/.venv/lib/python3.10/site-packages/keras/optimizers/optimizer.py:69]
2024-12-09 14:54:27,312 - absl - WARNING - There is a known slowdown when using v2.11+ Keras optimizers on M1/M2 Macs. Falling back to the legacy Keras optimizer, i.e., `tf.keras.optimizers.legacy.Adam`. [/Users/petrnikolaev/Dev/SA/architecture-sprint-5/.venv/lib/python3.10/site-packages/keras/optimizers/__init__.py:291]
2024-12-09 14:54:30,864 - rasa.utils.tensorflow.models - DEBUG - Finished loading the model. [/Users/petrnikolaev/Dev/SA/architecture-sprint-5/.venv/lib/python3.10/site-packages/rasa/utils/tensorflow/models.py:454]
2024-12-09 14:54:30,864 - rasa.engine.graph - DEBUG - Node 'rule_only_data_provider' loading 'RuleOnlyDataProvider.load' and kwargs: '{}'. [/Users/petrnikolaev/Dev/SA/architecture-sprint-5/.venv/lib/python3.10/site-packages/rasa/engine/graph.py:395]
2024-12-09 14:54:30,864 - rasa.engine.storage.local_model_storage - DEBUG - Resource 'train_RulePolicy1' was requested for reading. [/Users/petrnikolaev/Dev/SA/architecture-sprint-5/.venv/lib/python3.10/site-packages/rasa/engine/storage/local_model_storage.py:175]
2024-12-09 14:54:30,865 - rasa.engine.graph - DEBUG - Node 'select_prediction' loading 'DefaultPolicyPredictionEnsemble.load' and kwargs: '{}'. [/Users/petrnikolaev/Dev/SA/architecture-sprint-5/.venv/lib/python3.10/site-packages/rasa/engine/graph.py:395]
2024-12-09 14:54:30,871 - root - INFO - Rasa server is up and running. [/Users/petrnikolaev/Dev/SA/architecture-sprint-5/.venv/lib/python3.10/site-packages/rasa/core/run.py:296]
2024-12-09 14:54:30,872 - root - INFO - Enabling coroutine debugging. Loop id 13281131296. [/Users/petrnikolaev/Dev/SA/architecture-sprint-5/.venv/lib/python3.10/site-packages/rasa/utils/io.py:68]
2024-12-09 14:54:45,293 - rasa.core.lock_store - DEBUG - Issuing ticket for conversation 'PractikumStudent'. [/Users/petrnikolaev/Dev/SA/architecture-sprint-5/.venv/lib/python3.10/site-packages/rasa/core/lock_store.py:79]
2024-12-09 14:54:45,293 - rasa.core.lock_store - DEBUG - Acquiring lock for conversation 'PractikumStudent'. [/Users/petrnikolaev/Dev/SA/architecture-sprint-5/.venv/lib/python3.10/site-packages/rasa/core/lock_store.py:113]
2024-12-09 14:54:45,293 - rasa.core.lock_store - DEBUG - Acquired lock for conversation 'PractikumStudent'. [/Users/petrnikolaev/Dev/SA/architecture-sprint-5/.venv/lib/python3.10/site-packages/rasa/core/lock_store.py:124]
2024-12-09 14:54:45,293 - rasa.core.tracker_store - DEBUG - Could not find tracker for conversation ID 'PractikumStudent'. [/Users/petrnikolaev/Dev/SA/architecture-sprint-5/.venv/lib/python3.10/site-packages/rasa/core/tracker_store.py:419]
2024-12-09 14:54:45,294 - rasa.core.tracker_store - DEBUG - No event broker configured. Skipping streaming events. [/Users/petrnikolaev/Dev/SA/architecture-sprint-5/.venv/lib/python3.10/site-packages/rasa/core/tracker_store.py:319]
2024-12-09 14:54:45,294 - rasa.core.processor - DEBUG - Starting a new session for conversation ID 'PractikumStudent'. [/Users/petrnikolaev/Dev/SA/architecture-sprint-5/.venv/lib/python3.10/site-packages/rasa/core/processor.py:304]
2024-12-09 14:54:45,298 - rasa.core.processor - DEBUG - [[32m[1mdebug    [0m] [1mprocessor.actions.policy_prediction[0m [36mprediction_events[0m=[35m[][0m [/Users/petrnikolaev/Dev/SA/architecture-sprint-5/.venv/lib/python3.10/site-packages/rasa/core/processor.py:1038]
2024-12-09 14:54:45,298 - rasa.core.processor - DEBUG - [[32m[1mdebug    [0m] [1mprocessor.actions.log         [0m [36maction_name[0m=[35maction_session_start[0m [36mrasa_events[0m=[35m[<rasa.shared.core.events.SessionStarted object at 0x35d13e830>, ActionExecuted(action: action_listen, policy: None, confidence: None)][0m [/Users/petrnikolaev/Dev/SA/architecture-sprint-5/.venv/lib/python3.10/site-packages/rasa/core/processor.py:1047]
2024-12-09 14:54:45,298 - rasa.core.processor - DEBUG - [[32m[1mdebug    [0m] [1mprocessor.slots.log           [0m [36mslot_values[0m=[35m	topic: None
	session_started_metadata: None[0m [/Users/petrnikolaev/Dev/SA/architecture-sprint-5/.venv/lib/python3.10/site-packages/rasa/core/processor.py:657]
2024-12-09 14:54:45,299 - rasa.engine.runner.dask - DEBUG - Running graph with inputs: {'__message__': [<rasa.core.channels.channel.UserMessage object at 0x1059ac0d0>], '__tracker__': <rasa.shared.core.trackers.DialogueStateTracker object at 0x35d13d780>}, targets: ['run_RegexMessageHandler'] and ExecutionContext(model_id='e7d582232e074864ad3e52760940c73a', should_add_diagnostic_data=False, is_finetuning=False, node_name=None). [/Users/petrnikolaev/Dev/SA/architecture-sprint-5/.venv/lib/python3.10/site-packages/rasa/engine/runner/dask.py:95]
2024-12-09 14:54:45,299 - rasa.engine.graph - DEBUG - Node 'nlu_message_converter' running 'NLUMessageConverter.convert_user_message'. [/Users/petrnikolaev/Dev/SA/architecture-sprint-5/.venv/lib/python3.10/site-packages/rasa/engine/graph.py:490]
2024-12-09 14:54:45,299 - rasa.engine.graph - DEBUG - Node 'run_WhitespaceTokenizer0' running 'WhitespaceTokenizer.process'. [/Users/petrnikolaev/Dev/SA/architecture-sprint-5/.venv/lib/python3.10/site-packages/rasa/engine/graph.py:490]
2024-12-09 14:54:45,302 - rasa.engine.graph - DEBUG - Node 'run_RegexFeaturizer1' running 'RegexFeaturizer.process'. [/Users/petrnikolaev/Dev/SA/architecture-sprint-5/.venv/lib/python3.10/site-packages/rasa/engine/graph.py:490]
2024-12-09 14:54:45,302 - rasa.engine.graph - DEBUG - Node 'run_LexicalSyntacticFeaturizer2' running 'LexicalSyntacticFeaturizer.process'. [/Users/petrnikolaev/Dev/SA/architecture-sprint-5/.venv/lib/python3.10/site-packages/rasa/engine/graph.py:490]
2024-12-09 14:54:45,303 - rasa.engine.graph - DEBUG - Node 'run_CountVectorsFeaturizer3' running 'CountVectorsFeaturizer.process'. [/Users/petrnikolaev/Dev/SA/architecture-sprint-5/.venv/lib/python3.10/site-packages/rasa/engine/graph.py:490]
2024-12-09 14:54:45,304 - rasa.engine.graph - DEBUG - Node 'run_LanguageModelFeaturizer4' running 'LanguageModelFeaturizer.process'. [/Users/petrnikolaev/Dev/SA/architecture-sprint-5/.venv/lib/python3.10/site-packages/rasa/engine/graph.py:490]
2024-12-09 14:54:45,486 - rasa.engine.graph - DEBUG - Node 'run_DIETClassifier5' running 'DIETClassifier.process'. [/Users/petrnikolaev/Dev/SA/architecture-sprint-5/.venv/lib/python3.10/site-packages/rasa/engine/graph.py:490]
2024-12-09 14:54:45,566 - rasa.engine.graph - DEBUG - Node 'run_EntitySynonymMapper6' running 'EntitySynonymMapper.process'. [/Users/petrnikolaev/Dev/SA/architecture-sprint-5/.venv/lib/python3.10/site-packages/rasa/engine/graph.py:490]
2024-12-09 14:54:45,566 - rasa.engine.graph - DEBUG - Node 'run_ResponseSelector7' running 'ResponseSelector.process'. [/Users/petrnikolaev/Dev/SA/architecture-sprint-5/.venv/lib/python3.10/site-packages/rasa/engine/graph.py:490]
2024-12-09 14:54:45,567 - rasa.nlu.classifiers.diet_classifier - DEBUG - There is no trained model for 'ResponseSelector': The component is either not trained or didn't receive enough training data. [/Users/petrnikolaev/Dev/SA/architecture-sprint-5/.venv/lib/python3.10/site-packages/rasa/nlu/classifiers/diet_classifier.py:966]
2024-12-09 14:54:45,567 - rasa.nlu.selectors.response_selector - DEBUG - Adding following selector key to message property: default [/Users/petrnikolaev/Dev/SA/architecture-sprint-5/.venv/lib/python3.10/site-packages/rasa/nlu/selectors/response_selector.py:570]
2024-12-09 14:54:45,567 - rasa.engine.graph - DEBUG - Node 'domain_provider' running 'DomainProvider.provide_inference'. [/Users/petrnikolaev/Dev/SA/architecture-sprint-5/.venv/lib/python3.10/site-packages/rasa/engine/graph.py:490]
2024-12-09 14:54:45,567 - rasa.engine.graph - DEBUG - Node 'run_RegexMessageHandler' running 'RegexMessageHandler.process'. [/Users/petrnikolaev/Dev/SA/architecture-sprint-5/.venv/lib/python3.10/site-packages/rasa/engine/graph.py:490]
2024-12-09 14:54:45,567 - rasa.core.processor - DEBUG - [[32m[1mdebug    [0m] [1mprocessor.message.parse       [0m [36mparse_data_entities[0m=[35m[][0m [36mparse_data_intent[0m=[35m{'name': 'greet', 'confidence': 0.38565221428871155}[0m [36mparse_data_text[0m=[35mПривет[0m [/Users/petrnikolaev/Dev/SA/architecture-sprint-5/.venv/lib/python3.10/site-packages/rasa/core/processor.py:729]
2024-12-09 14:54:45,567 - rasa.core.processor - DEBUG - Logged UserUtterance - tracker now has 4 events. [/Users/petrnikolaev/Dev/SA/architecture-sprint-5/.venv/lib/python3.10/site-packages/rasa/core/processor.py:817]
2024-12-09 14:54:45,568 - rasa.core.actions.action - DEBUG - Validating extracted slots: topic [/Users/petrnikolaev/Dev/SA/architecture-sprint-5/.venv/lib/python3.10/site-packages/rasa/core/actions/action.py:1177]
2024-12-09 14:54:45,568 - rasa.core.processor - DEBUG - [[32m[1mdebug    [0m] [1mprocessor.extract.slots       [0m [36maction_extract_slot[0m=[35maction_extract_slots[0m [36mlen_extraction_events[0m=[35m1[0m [36mrasa_events[0m=[35m[SlotSet(key: topic, value: Привет)][0m [/Users/petrnikolaev/Dev/SA/architecture-sprint-5/.venv/lib/python3.10/site-packages/rasa/core/processor.py:203]
2024-12-09 14:54:45,569 - rasa.engine.runner.dask - DEBUG - Running graph with inputs: {'__tracker__': <rasa.shared.core.trackers.DialogueStateTracker object at 0x35d13d780>}, targets: ['select_prediction'] and ExecutionContext(model_id='e7d582232e074864ad3e52760940c73a', should_add_diagnostic_data=False, is_finetuning=False, node_name=None). [/Users/petrnikolaev/Dev/SA/architecture-sprint-5/.venv/lib/python3.10/site-packages/rasa/engine/runner/dask.py:95]
2024-12-09 14:54:45,569 - rasa.engine.graph - DEBUG - Node 'rule_only_data_provider' running 'RuleOnlyDataProvider.provide'. [/Users/petrnikolaev/Dev/SA/architecture-sprint-5/.venv/lib/python3.10/site-packages/rasa/engine/graph.py:490]
2024-12-09 14:54:45,569 - rasa.engine.graph - DEBUG - Node 'domain_provider' running 'DomainProvider.provide_inference'. [/Users/petrnikolaev/Dev/SA/architecture-sprint-5/.venv/lib/python3.10/site-packages/rasa/engine/graph.py:490]
2024-12-09 14:54:45,569 - rasa.engine.graph - DEBUG - Node 'run_MemoizationPolicy0' running 'MemoizationPolicy.predict_action_probabilities'. [/Users/petrnikolaev/Dev/SA/architecture-sprint-5/.venv/lib/python3.10/site-packages/rasa/engine/graph.py:490]
2024-12-09 14:54:45,569 - rasa.core.policies.memoization - DEBUG - [[32m[1mdebug    [0m] [1mmemoization.predict.actions   [0m [36mtracker_states[0m=[35m[{}, {'user': {'intent': 'greet'}, 'prev_action': {'action_name': 'action_listen'}}][0m [/Users/petrnikolaev/Dev/SA/architecture-sprint-5/.venv/lib/python3.10/site-packages/rasa/core/policies/memoization.py:257]
2024-12-09 14:54:45,569 - rasa.core.policies.memoization - DEBUG - There is a memorised next action 'utter_greet' [/Users/petrnikolaev/Dev/SA/architecture-sprint-5/.venv/lib/python3.10/site-packages/rasa/core/policies/memoization.py:264]
2024-12-09 14:54:45,569 - rasa.engine.graph - DEBUG - Node 'run_RulePolicy1' running 'RulePolicy.predict_action_probabilities'. [/Users/petrnikolaev/Dev/SA/architecture-sprint-5/.venv/lib/python3.10/site-packages/rasa/engine/graph.py:490]
2024-12-09 14:54:45,569 - rasa.core.policies.rule_policy - DEBUG - [[32m[1mdebug    [0m] [1mrule_policy.actions.find      [0m [36mcurrent_states[0m=[35m
[state 1] user text: Привет | previous action name: action_listen[0m [/Users/petrnikolaev/Dev/SA/architecture-sprint-5/.venv/lib/python3.10/site-packages/rasa/core/policies/rule_policy.py:1026]
2024-12-09 14:54:45,569 - rasa.core.policies.rule_policy - DEBUG - There is no applicable rule. [/Users/petrnikolaev/Dev/SA/architecture-sprint-5/.venv/lib/python3.10/site-packages/rasa/core/policies/rule_policy.py:1095]
2024-12-09 14:54:45,570 - rasa.core.policies.rule_policy - DEBUG - [[32m[1mdebug    [0m] [1mrule_policy.actions.find      [0m [36mcurrent_states[0m=[35m
[state 1] user intent: greet | previous action name: action_listen[0m [/Users/petrnikolaev/Dev/SA/architecture-sprint-5/.venv/lib/python3.10/site-packages/rasa/core/policies/rule_policy.py:1026]
2024-12-09 14:54:45,570 - rasa.core.policies.rule_policy - DEBUG - There is a rule for the next action 'utter_greet'. [/Users/petrnikolaev/Dev/SA/architecture-sprint-5/.venv/lib/python3.10/site-packages/rasa/core/policies/rule_policy.py:1091]
2024-12-09 14:54:45,570 - rasa.engine.graph - DEBUG - Node 'run_TEDPolicy2' running 'TEDPolicy.predict_action_probabilities'. [/Users/petrnikolaev/Dev/SA/architecture-sprint-5/.venv/lib/python3.10/site-packages/rasa/engine/graph.py:490]
2024-12-09 14:54:45,571 - rasa.core.policies.ted_policy - DEBUG - TED predicted 'action_extract_slots' based on user intent. [/Users/petrnikolaev/Dev/SA/architecture-sprint-5/.venv/lib/python3.10/site-packages/rasa/core/policies/ted_policy.py:811]
2024-12-09 14:54:45,572 - rasa.engine.graph - DEBUG - Node 'select_prediction' running 'DefaultPolicyPredictionEnsemble.combine_predictions_from_kwargs'. [/Users/petrnikolaev/Dev/SA/architecture-sprint-5/.venv/lib/python3.10/site-packages/rasa/engine/graph.py:490]
2024-12-09 14:54:45,572 - rasa.core.policies.ensemble - DEBUG - Made prediction using user intent. [/Users/petrnikolaev/Dev/SA/architecture-sprint-5/.venv/lib/python3.10/site-packages/rasa/core/policies/ensemble.py:322]
2024-12-09 14:54:45,572 - rasa.core.policies.ensemble - DEBUG - Added `DefinePrevUserUtteredFeaturization(False)` event. [/Users/petrnikolaev/Dev/SA/architecture-sprint-5/.venv/lib/python3.10/site-packages/rasa/core/policies/ensemble.py:323]
2024-12-09 14:54:45,572 - rasa.core.policies.ensemble - DEBUG - Predicted next action using RulePolicy. [/Users/petrnikolaev/Dev/SA/architecture-sprint-5/.venv/lib/python3.10/site-packages/rasa/core/policies/ensemble.py:328]
2024-12-09 14:54:45,572 - rasa.core.processor - DEBUG - Predicted next action 'utter_greet' with confidence 1.00. [/Users/petrnikolaev/Dev/SA/architecture-sprint-5/.venv/lib/python3.10/site-packages/rasa/core/processor.py:538]
2024-12-09 14:54:45,572 - rasa.core.processor - DEBUG - [[32m[1mdebug    [0m] [1mprocessor.actions.policy_prediction[0m [36mprediction_events[0m=[35m[<rasa.shared.core.events.DefinePrevUserUtteredFeaturization object at 0x35f6cf430>][0m [/Users/petrnikolaev/Dev/SA/architecture-sprint-5/.venv/lib/python3.10/site-packages/rasa/core/processor.py:1038]
2024-12-09 14:54:45,572 - rasa.core.processor - DEBUG - [[32m[1mdebug    [0m] [1mprocessor.actions.log         [0m [36maction_name[0m=[35mutter_greet[0m [36mrasa_events[0m=[35m[BotUttered('Привет! Чем могу помочь в области архитектуры программного обеспечения?', {"elements": null, "quick_replies": null, "buttons": null, "attachment": null, "image": null, "custom": null}, {"utter_action": "utter_greet"}, 1733730885.572501)][0m [/Users/petrnikolaev/Dev/SA/architecture-sprint-5/.venv/lib/python3.10/site-packages/rasa/core/processor.py:1047]
2024-12-09 14:54:45,572 - rasa.engine.runner.dask - DEBUG - Running graph with inputs: {'__tracker__': <rasa.shared.core.trackers.DialogueStateTracker object at 0x35d13d780>}, targets: ['select_prediction'] and ExecutionContext(model_id='e7d582232e074864ad3e52760940c73a', should_add_diagnostic_data=False, is_finetuning=False, node_name=None). [/Users/petrnikolaev/Dev/SA/architecture-sprint-5/.venv/lib/python3.10/site-packages/rasa/engine/runner/dask.py:95]
2024-12-09 14:54:45,572 - rasa.engine.graph - DEBUG - Node 'rule_only_data_provider' running 'RuleOnlyDataProvider.provide'. [/Users/petrnikolaev/Dev/SA/architecture-sprint-5/.venv/lib/python3.10/site-packages/rasa/engine/graph.py:490]
2024-12-09 14:54:45,572 - rasa.engine.graph - DEBUG - Node 'domain_provider' running 'DomainProvider.provide_inference'. [/Users/petrnikolaev/Dev/SA/architecture-sprint-5/.venv/lib/python3.10/site-packages/rasa/engine/graph.py:490]
2024-12-09 14:54:45,573 - rasa.engine.graph - DEBUG - Node 'run_MemoizationPolicy0' running 'MemoizationPolicy.predict_action_probabilities'. [/Users/petrnikolaev/Dev/SA/architecture-sprint-5/.venv/lib/python3.10/site-packages/rasa/engine/graph.py:490]
2024-12-09 14:54:45,573 - rasa.core.policies.memoization - DEBUG - [[32m[1mdebug    [0m] [1mmemoization.predict.actions   [0m [36mtracker_states[0m=[35m[{'user': {'intent': 'greet'}, 'prev_action': {'action_name': 'action_listen'}}, {'user': {'intent': 'greet'}, 'prev_action': {'action_name': 'utter_greet'}}][0m [/Users/petrnikolaev/Dev/SA/architecture-sprint-5/.venv/lib/python3.10/site-packages/rasa/core/policies/memoization.py:257]
2024-12-09 14:54:45,573 - rasa.core.policies.memoization - DEBUG - There is a memorised next action 'action_listen' [/Users/petrnikolaev/Dev/SA/architecture-sprint-5/.venv/lib/python3.10/site-packages/rasa/core/policies/memoization.py:264]
2024-12-09 14:54:45,573 - rasa.engine.graph - DEBUG - Node 'run_RulePolicy1' running 'RulePolicy.predict_action_probabilities'. [/Users/petrnikolaev/Dev/SA/architecture-sprint-5/.venv/lib/python3.10/site-packages/rasa/engine/graph.py:490]
2024-12-09 14:54:45,573 - rasa.core.policies.rule_policy - DEBUG - [[32m[1mdebug    [0m] [1mrule_policy.actions.find      [0m [36mcurrent_states[0m=[35m
[state 1] user intent: greet | previous action name: action_listen
[state 2] user intent: greet | previous action name: utter_greet[0m [/Users/petrnikolaev/Dev/SA/architecture-sprint-5/.venv/lib/python3.10/site-packages/rasa/core/policies/rule_policy.py:1026]
2024-12-09 14:54:45,573 - rasa.core.policies.rule_policy - DEBUG - There is a rule for the next action 'action_listen'. [/Users/petrnikolaev/Dev/SA/architecture-sprint-5/.venv/lib/python3.10/site-packages/rasa/core/policies/rule_policy.py:1091]
2024-12-09 14:54:45,573 - rasa.engine.graph - DEBUG - Node 'run_TEDPolicy2' running 'TEDPolicy.predict_action_probabilities'. [/Users/petrnikolaev/Dev/SA/architecture-sprint-5/.venv/lib/python3.10/site-packages/rasa/engine/graph.py:490]
2024-12-09 14:54:45,575 - rasa.core.policies.ted_policy - DEBUG - TED predicted 'action_extract_slots' based on user intent. [/Users/petrnikolaev/Dev/SA/architecture-sprint-5/.venv/lib/python3.10/site-packages/rasa/core/policies/ted_policy.py:811]
2024-12-09 14:54:45,575 - rasa.engine.graph - DEBUG - Node 'select_prediction' running 'DefaultPolicyPredictionEnsemble.combine_predictions_from_kwargs'. [/Users/petrnikolaev/Dev/SA/architecture-sprint-5/.venv/lib/python3.10/site-packages/rasa/engine/graph.py:490]
2024-12-09 14:54:45,575 - rasa.core.policies.ensemble - DEBUG - Predicted next action using RulePolicy. [/Users/petrnikolaev/Dev/SA/architecture-sprint-5/.venv/lib/python3.10/site-packages/rasa/core/policies/ensemble.py:328]
2024-12-09 14:54:45,575 - rasa.core.processor - DEBUG - Predicted next action 'action_listen' with confidence 1.00. [/Users/petrnikolaev/Dev/SA/architecture-sprint-5/.venv/lib/python3.10/site-packages/rasa/core/processor.py:538]
2024-12-09 14:54:45,575 - rasa.core.processor - DEBUG - [[32m[1mdebug    [0m] [1mprocessor.actions.policy_prediction[0m [36mprediction_events[0m=[35m[][0m [/Users/petrnikolaev/Dev/SA/architecture-sprint-5/.venv/lib/python3.10/site-packages/rasa/core/processor.py:1038]
2024-12-09 14:54:45,575 - rasa.core.processor - DEBUG - [[32m[1mdebug    [0m] [1mprocessor.actions.log         [0m [36maction_name[0m=[35maction_listen[0m [36mrasa_events[0m=[35m[][0m [/Users/petrnikolaev/Dev/SA/architecture-sprint-5/.venv/lib/python3.10/site-packages/rasa/core/processor.py:1047]
2024-12-09 14:54:45,575 - rasa.core.tracker_store - DEBUG - No event broker configured. Skipping streaming events. [/Users/petrnikolaev/Dev/SA/architecture-sprint-5/.venv/lib/python3.10/site-packages/rasa/core/tracker_store.py:319]
2024-12-09 14:54:45,575 - rasa.core.lock_store - DEBUG - Deleted lock for conversation 'PractikumStudent'. [/Users/petrnikolaev/Dev/SA/architecture-sprint-5/.venv/lib/python3.10/site-packages/rasa/core/lock_store.py:190]
2024-12-09 14:55:15,537 - rasa.core.lock_store - DEBUG - Issuing ticket for conversation 'PractikumStudent'. [/Users/petrnikolaev/Dev/SA/architecture-sprint-5/.venv/lib/python3.10/site-packages/rasa/core/lock_store.py:79]
2024-12-09 14:55:15,538 - rasa.core.lock_store - DEBUG - Acquiring lock for conversation 'PractikumStudent'. [/Users/petrnikolaev/Dev/SA/architecture-sprint-5/.venv/lib/python3.10/site-packages/rasa/core/lock_store.py:113]
2024-12-09 14:55:15,538 - rasa.core.lock_store - DEBUG - Acquired lock for conversation 'PractikumStudent'. [/Users/petrnikolaev/Dev/SA/architecture-sprint-5/.venv/lib/python3.10/site-packages/rasa/core/lock_store.py:124]
2024-12-09 14:55:15,539 - rasa.core.tracker_store - DEBUG - Recreating tracker for id 'PractikumStudent' [/Users/petrnikolaev/Dev/SA/architecture-sprint-5/.venv/lib/python3.10/site-packages/rasa/core/tracker_store.py:422]
2024-12-09 14:55:15,542 - rasa.engine.runner.dask - DEBUG - Running graph with inputs: {'__message__': [<rasa.core.channels.channel.UserMessage object at 0x317d856f0>], '__tracker__': <rasa.shared.core.trackers.DialogueStateTracker object at 0x35f6cdd20>}, targets: ['run_RegexMessageHandler'] and ExecutionContext(model_id='e7d582232e074864ad3e52760940c73a', should_add_diagnostic_data=False, is_finetuning=False, node_name=None). [/Users/petrnikolaev/Dev/SA/architecture-sprint-5/.venv/lib/python3.10/site-packages/rasa/engine/runner/dask.py:95]
2024-12-09 14:55:15,544 - rasa.engine.graph - DEBUG - Node 'nlu_message_converter' running 'NLUMessageConverter.convert_user_message'. [/Users/petrnikolaev/Dev/SA/architecture-sprint-5/.venv/lib/python3.10/site-packages/rasa/engine/graph.py:490]
2024-12-09 14:55:15,545 - rasa.engine.graph - DEBUG - Node 'run_WhitespaceTokenizer0' running 'WhitespaceTokenizer.process'. [/Users/petrnikolaev/Dev/SA/architecture-sprint-5/.venv/lib/python3.10/site-packages/rasa/engine/graph.py:490]
2024-12-09 14:55:15,546 - rasa.engine.graph - DEBUG - Node 'run_RegexFeaturizer1' running 'RegexFeaturizer.process'. [/Users/petrnikolaev/Dev/SA/architecture-sprint-5/.venv/lib/python3.10/site-packages/rasa/engine/graph.py:490]
2024-12-09 14:55:15,546 - rasa.engine.graph - DEBUG - Node 'run_LexicalSyntacticFeaturizer2' running 'LexicalSyntacticFeaturizer.process'. [/Users/petrnikolaev/Dev/SA/architecture-sprint-5/.venv/lib/python3.10/site-packages/rasa/engine/graph.py:490]
2024-12-09 14:55:15,547 - rasa.engine.graph - DEBUG - Node 'run_CountVectorsFeaturizer3' running 'CountVectorsFeaturizer.process'. [/Users/petrnikolaev/Dev/SA/architecture-sprint-5/.venv/lib/python3.10/site-packages/rasa/engine/graph.py:490]
2024-12-09 14:55:15,549 - rasa.engine.graph - DEBUG - Node 'run_LanguageModelFeaturizer4' running 'LanguageModelFeaturizer.process'. [/Users/petrnikolaev/Dev/SA/architecture-sprint-5/.venv/lib/python3.10/site-packages/rasa/engine/graph.py:490]
2024-12-09 14:55:15,777 - rasa.engine.graph - DEBUG - Node 'run_DIETClassifier5' running 'DIETClassifier.process'. [/Users/petrnikolaev/Dev/SA/architecture-sprint-5/.venv/lib/python3.10/site-packages/rasa/engine/graph.py:490]
2024-12-09 14:55:15,781 - rasa.engine.graph - DEBUG - Node 'run_EntitySynonymMapper6' running 'EntitySynonymMapper.process'. [/Users/petrnikolaev/Dev/SA/architecture-sprint-5/.venv/lib/python3.10/site-packages/rasa/engine/graph.py:490]
2024-12-09 14:55:15,781 - rasa.engine.graph - DEBUG - Node 'run_ResponseSelector7' running 'ResponseSelector.process'. [/Users/petrnikolaev/Dev/SA/architecture-sprint-5/.venv/lib/python3.10/site-packages/rasa/engine/graph.py:490]
2024-12-09 14:55:15,781 - rasa.nlu.classifiers.diet_classifier - DEBUG - There is no trained model for 'ResponseSelector': The component is either not trained or didn't receive enough training data. [/Users/petrnikolaev/Dev/SA/architecture-sprint-5/.venv/lib/python3.10/site-packages/rasa/nlu/classifiers/diet_classifier.py:966]
2024-12-09 14:55:15,781 - rasa.nlu.selectors.response_selector - DEBUG - Adding following selector key to message property: default [/Users/petrnikolaev/Dev/SA/architecture-sprint-5/.venv/lib/python3.10/site-packages/rasa/nlu/selectors/response_selector.py:570]
2024-12-09 14:55:15,781 - rasa.engine.graph - DEBUG - Node 'domain_provider' running 'DomainProvider.provide_inference'. [/Users/petrnikolaev/Dev/SA/architecture-sprint-5/.venv/lib/python3.10/site-packages/rasa/engine/graph.py:490]
2024-12-09 14:55:15,781 - rasa.engine.graph - DEBUG - Node 'run_RegexMessageHandler' running 'RegexMessageHandler.process'. [/Users/petrnikolaev/Dev/SA/architecture-sprint-5/.venv/lib/python3.10/site-packages/rasa/engine/graph.py:490]
2024-12-09 14:55:15,781 - rasa.core.processor - DEBUG - [[32m[1mdebug    [0m] [1mprocessor.message.parse       [0m [36mparse_data_entities[0m=[35m[][0m [36mparse_data_intent[0m=[35m{'name': 'greet', 'confidence': 0.3510814309120178}[0m [36mparse_data_text[0m=[35mРасскажите об архитектуре ПО[0m [/Users/petrnikolaev/Dev/SA/architecture-sprint-5/.venv/lib/python3.10/site-packages/rasa/core/processor.py:729]
2024-12-09 14:55:15,781 - rasa.core.processor - DEBUG - Logged UserUtterance - tracker now has 10 events. [/Users/petrnikolaev/Dev/SA/architecture-sprint-5/.venv/lib/python3.10/site-packages/rasa/core/processor.py:817]
2024-12-09 14:55:15,782 - rasa.core.actions.action - DEBUG - Validating extracted slots: topic [/Users/petrnikolaev/Dev/SA/architecture-sprint-5/.venv/lib/python3.10/site-packages/rasa/core/actions/action.py:1177]
2024-12-09 14:55:15,782 - rasa.core.processor - DEBUG - [[32m[1mdebug    [0m] [1mprocessor.extract.slots       [0m [36maction_extract_slot[0m=[35maction_extract_slots[0m [36mlen_extraction_events[0m=[35m1[0m [36mrasa_events[0m=[35m[SlotSet(key: topic, value: Расскажите об архитектуре ПО)][0m [/Users/petrnikolaev/Dev/SA/architecture-sprint-5/.venv/lib/python3.10/site-packages/rasa/core/processor.py:203]
2024-12-09 14:55:15,782 - rasa.engine.runner.dask - DEBUG - Running graph with inputs: {'__tracker__': <rasa.shared.core.trackers.DialogueStateTracker object at 0x35f6cdd20>}, targets: ['select_prediction'] and ExecutionContext(model_id='e7d582232e074864ad3e52760940c73a', should_add_diagnostic_data=False, is_finetuning=False, node_name=None). [/Users/petrnikolaev/Dev/SA/architecture-sprint-5/.venv/lib/python3.10/site-packages/rasa/engine/runner/dask.py:95]
2024-12-09 14:55:15,782 - rasa.engine.graph - DEBUG - Node 'rule_only_data_provider' running 'RuleOnlyDataProvider.provide'. [/Users/petrnikolaev/Dev/SA/architecture-sprint-5/.venv/lib/python3.10/site-packages/rasa/engine/graph.py:490]
2024-12-09 14:55:15,782 - rasa.engine.graph - DEBUG - Node 'domain_provider' running 'DomainProvider.provide_inference'. [/Users/petrnikolaev/Dev/SA/architecture-sprint-5/.venv/lib/python3.10/site-packages/rasa/engine/graph.py:490]
2024-12-09 14:55:15,782 - rasa.engine.graph - DEBUG - Node 'run_MemoizationPolicy0' running 'MemoizationPolicy.predict_action_probabilities'. [/Users/petrnikolaev/Dev/SA/architecture-sprint-5/.venv/lib/python3.10/site-packages/rasa/engine/graph.py:490]
2024-12-09 14:55:15,782 - rasa.core.policies.memoization - DEBUG - [[32m[1mdebug    [0m] [1mmemoization.predict.actions   [0m [36mtracker_states[0m=[35m[{'user': {'intent': 'greet'}, 'prev_action': {'action_name': 'utter_greet'}}, {'user': {'intent': 'greet'}, 'prev_action': {'action_name': 'action_listen'}}][0m [/Users/petrnikolaev/Dev/SA/architecture-sprint-5/.venv/lib/python3.10/site-packages/rasa/core/policies/memoization.py:257]
2024-12-09 14:55:15,782 - rasa.core.policies.memoization - DEBUG - There is no memorised next action [/Users/petrnikolaev/Dev/SA/architecture-sprint-5/.venv/lib/python3.10/site-packages/rasa/core/policies/memoization.py:267]
2024-12-09 14:55:15,782 - rasa.engine.graph - DEBUG - Node 'run_RulePolicy1' running 'RulePolicy.predict_action_probabilities'. [/Users/petrnikolaev/Dev/SA/architecture-sprint-5/.venv/lib/python3.10/site-packages/rasa/engine/graph.py:490]
2024-12-09 14:55:15,782 - rasa.core.policies.rule_policy - DEBUG - [[32m[1mdebug    [0m] [1mrule_policy.actions.find      [0m [36mcurrent_states[0m=[35m
[state 1] user intent: greet | previous action name: action_listen
[state 2] user intent: greet | previous action name: utter_greet
[state 3] user text: Расскажите об архитектуре ПО | previous action name: action_listen[0m [/Users/petrnikolaev/Dev/SA/architecture-sprint-5/.venv/lib/python3.10/site-packages/rasa/core/policies/rule_policy.py:1026]
2024-12-09 14:55:15,783 - rasa.core.policies.rule_policy - DEBUG - There is no applicable rule. [/Users/petrnikolaev/Dev/SA/architecture-sprint-5/.venv/lib/python3.10/site-packages/rasa/core/policies/rule_policy.py:1095]
2024-12-09 14:55:15,783 - rasa.core.policies.rule_policy - DEBUG - [[32m[1mdebug    [0m] [1mrule_policy.actions.find      [0m [36mcurrent_states[0m=[35m
[state 1] user intent: greet | previous action name: action_listen
[state 2] user intent: greet | previous action name: utter_greet
[state 3] user intent: greet | previous action name: action_listen[0m [/Users/petrnikolaev/Dev/SA/architecture-sprint-5/.venv/lib/python3.10/site-packages/rasa/core/policies/rule_policy.py:1026]
2024-12-09 14:55:15,783 - rasa.core.policies.rule_policy - DEBUG - There is a rule for the next action 'utter_greet'. [/Users/petrnikolaev/Dev/SA/architecture-sprint-5/.venv/lib/python3.10/site-packages/rasa/core/policies/rule_policy.py:1091]
2024-12-09 14:55:15,783 - rasa.engine.graph - DEBUG - Node 'run_TEDPolicy2' running 'TEDPolicy.predict_action_probabilities'. [/Users/petrnikolaev/Dev/SA/architecture-sprint-5/.venv/lib/python3.10/site-packages/rasa/engine/graph.py:490]
2024-12-09 14:55:15,786 - rasa.core.policies.ted_policy - DEBUG - TED predicted 'action_extract_slots' based on user intent. [/Users/petrnikolaev/Dev/SA/architecture-sprint-5/.venv/lib/python3.10/site-packages/rasa/core/policies/ted_policy.py:811]
2024-12-09 14:55:15,786 - rasa.engine.graph - DEBUG - Node 'select_prediction' running 'DefaultPolicyPredictionEnsemble.combine_predictions_from_kwargs'. [/Users/petrnikolaev/Dev/SA/architecture-sprint-5/.venv/lib/python3.10/site-packages/rasa/engine/graph.py:490]
2024-12-09 14:55:15,786 - rasa.core.policies.ensemble - DEBUG - Made prediction using user intent. [/Users/petrnikolaev/Dev/SA/architecture-sprint-5/.venv/lib/python3.10/site-packages/rasa/core/policies/ensemble.py:322]
2024-12-09 14:55:15,786 - rasa.core.policies.ensemble - DEBUG - Added `DefinePrevUserUtteredFeaturization(False)` event. [/Users/petrnikolaev/Dev/SA/architecture-sprint-5/.venv/lib/python3.10/site-packages/rasa/core/policies/ensemble.py:323]
2024-12-09 14:55:15,786 - rasa.core.policies.ensemble - DEBUG - Predicted next action using RulePolicy. [/Users/petrnikolaev/Dev/SA/architecture-sprint-5/.venv/lib/python3.10/site-packages/rasa/core/policies/ensemble.py:328]
2024-12-09 14:55:15,786 - rasa.core.processor - DEBUG - Predicted next action 'utter_greet' with confidence 1.00. [/Users/petrnikolaev/Dev/SA/architecture-sprint-5/.venv/lib/python3.10/site-packages/rasa/core/processor.py:538]
2024-12-09 14:55:15,787 - rasa.core.processor - DEBUG - [[32m[1mdebug    [0m] [1mprocessor.actions.policy_prediction[0m [36mprediction_events[0m=[35m[<rasa.shared.core.events.DefinePrevUserUtteredFeaturization object at 0x35d13f520>][0m [/Users/petrnikolaev/Dev/SA/architecture-sprint-5/.venv/lib/python3.10/site-packages/rasa/core/processor.py:1038]
2024-12-09 14:55:15,787 - rasa.core.processor - DEBUG - [[32m[1mdebug    [0m] [1mprocessor.actions.log         [0m [36maction_name[0m=[35mutter_greet[0m [36mrasa_events[0m=[35m[BotUttered('Привет! Чем могу помочь в области архитектуры программного обеспечения?', {"elements": null, "quick_replies": null, "buttons": null, "attachment": null, "image": null, "custom": null}, {"utter_action": "utter_greet"}, 1733730915.786926)][0m [/Users/petrnikolaev/Dev/SA/architecture-sprint-5/.venv/lib/python3.10/site-packages/rasa/core/processor.py:1047]
2024-12-09 14:55:15,787 - rasa.engine.runner.dask - DEBUG - Running graph with inputs: {'__tracker__': <rasa.shared.core.trackers.DialogueStateTracker object at 0x35f6cdd20>}, targets: ['select_prediction'] and ExecutionContext(model_id='e7d582232e074864ad3e52760940c73a', should_add_diagnostic_data=False, is_finetuning=False, node_name=None). [/Users/petrnikolaev/Dev/SA/architecture-sprint-5/.venv/lib/python3.10/site-packages/rasa/engine/runner/dask.py:95]
2024-12-09 14:55:15,787 - rasa.engine.graph - DEBUG - Node 'rule_only_data_provider' running 'RuleOnlyDataProvider.provide'. [/Users/petrnikolaev/Dev/SA/architecture-sprint-5/.venv/lib/python3.10/site-packages/rasa/engine/graph.py:490]
2024-12-09 14:55:15,787 - rasa.engine.graph - DEBUG - Node 'domain_provider' running 'DomainProvider.provide_inference'. [/Users/petrnikolaev/Dev/SA/architecture-sprint-5/.venv/lib/python3.10/site-packages/rasa/engine/graph.py:490]
2024-12-09 14:55:15,787 - rasa.engine.graph - DEBUG - Node 'run_MemoizationPolicy0' running 'MemoizationPolicy.predict_action_probabilities'. [/Users/petrnikolaev/Dev/SA/architecture-sprint-5/.venv/lib/python3.10/site-packages/rasa/engine/graph.py:490]
2024-12-09 14:55:15,787 - rasa.core.policies.memoization - DEBUG - [[32m[1mdebug    [0m] [1mmemoization.predict.actions   [0m [36mtracker_states[0m=[35m[{'user': {'intent': 'greet'}, 'prev_action': {'action_name': 'action_listen'}}, {'user': {'intent': 'greet'}, 'prev_action': {'action_name': 'utter_greet'}}][0m [/Users/petrnikolaev/Dev/SA/architecture-sprint-5/.venv/lib/python3.10/site-packages/rasa/core/policies/memoization.py:257]
2024-12-09 14:55:15,787 - rasa.core.policies.memoization - DEBUG - There is a memorised next action 'action_listen' [/Users/petrnikolaev/Dev/SA/architecture-sprint-5/.venv/lib/python3.10/site-packages/rasa/core/policies/memoization.py:264]
2024-12-09 14:55:15,787 - rasa.engine.graph - DEBUG - Node 'run_RulePolicy1' running 'RulePolicy.predict_action_probabilities'. [/Users/petrnikolaev/Dev/SA/architecture-sprint-5/.venv/lib/python3.10/site-packages/rasa/engine/graph.py:490]
2024-12-09 14:55:15,787 - rasa.core.policies.rule_policy - DEBUG - [[32m[1mdebug    [0m] [1mrule_policy.actions.find      [0m [36mcurrent_states[0m=[35m
[state 1] user intent: greet | previous action name: action_listen
[state 2] user intent: greet | previous action name: utter_greet
[state 3] user intent: greet | previous action name: action_listen
[state 4] user intent: greet | previous action name: utter_greet[0m [/Users/petrnikolaev/Dev/SA/architecture-sprint-5/.venv/lib/python3.10/site-packages/rasa/core/policies/rule_policy.py:1026]
2024-12-09 14:55:15,788 - rasa.core.policies.rule_policy - DEBUG - There is a rule for the next action 'action_listen'. [/Users/petrnikolaev/Dev/SA/architecture-sprint-5/.venv/lib/python3.10/site-packages/rasa/core/policies/rule_policy.py:1091]
2024-12-09 14:55:15,788 - rasa.engine.graph - DEBUG - Node 'run_TEDPolicy2' running 'TEDPolicy.predict_action_probabilities'. [/Users/petrnikolaev/Dev/SA/architecture-sprint-5/.venv/lib/python3.10/site-packages/rasa/engine/graph.py:490]
2024-12-09 14:55:15,790 - rasa.core.policies.ted_policy - DEBUG - TED predicted 'action_extract_slots' based on user intent. [/Users/petrnikolaev/Dev/SA/architecture-sprint-5/.venv/lib/python3.10/site-packages/rasa/core/policies/ted_policy.py:811]
2024-12-09 14:55:15,790 - rasa.engine.graph - DEBUG - Node 'select_prediction' running 'DefaultPolicyPredictionEnsemble.combine_predictions_from_kwargs'. [/Users/petrnikolaev/Dev/SA/architecture-sprint-5/.venv/lib/python3.10/site-packages/rasa/engine/graph.py:490]
2024-12-09 14:55:15,790 - rasa.core.policies.ensemble - DEBUG - Predicted next action using RulePolicy. [/Users/petrnikolaev/Dev/SA/architecture-sprint-5/.venv/lib/python3.10/site-packages/rasa/core/policies/ensemble.py:328]
2024-12-09 14:55:15,790 - rasa.core.processor - DEBUG - Predicted next action 'action_listen' with confidence 1.00. [/Users/petrnikolaev/Dev/SA/architecture-sprint-5/.venv/lib/python3.10/site-packages/rasa/core/processor.py:538]
2024-12-09 14:55:15,790 - rasa.core.processor - DEBUG - [[32m[1mdebug    [0m] [1mprocessor.actions.policy_prediction[0m [36mprediction_events[0m=[35m[][0m [/Users/petrnikolaev/Dev/SA/architecture-sprint-5/.venv/lib/python3.10/site-packages/rasa/core/processor.py:1038]
2024-12-09 14:55:15,790 - rasa.core.processor - DEBUG - [[32m[1mdebug    [0m] [1mprocessor.actions.log         [0m [36maction_name[0m=[35maction_listen[0m [36mrasa_events[0m=[35m[][0m [/Users/petrnikolaev/Dev/SA/architecture-sprint-5/.venv/lib/python3.10/site-packages/rasa/core/processor.py:1047]
2024-12-09 14:55:15,790 - rasa.core.tracker_store - DEBUG - No event broker configured. Skipping streaming events. [/Users/petrnikolaev/Dev/SA/architecture-sprint-5/.venv/lib/python3.10/site-packages/rasa/core/tracker_store.py:319]
2024-12-09 14:55:15,791 - rasa.core.lock_store - DEBUG - Deleted lock for conversation 'PractikumStudent'. [/Users/petrnikolaev/Dev/SA/architecture-sprint-5/.venv/lib/python3.10/site-packages/rasa/core/lock_store.py:190]
